[1/8] Performing build step for 'bootloader'
ninja: no work to do.
[2/6] Building C object esp-idf/main/CMakeFiles/__idf_main.dir/main.c.obj
[3/6] Linking C static library esp-idf\main\libmain.a
[4/6] Generating ld/esp32.project.ld
[5/6] Linking CXX executable app-template.elf
[6/6] Generating binary image from built executable
esptool.py v3.1-dev
Merged 1 ELF section
Generated C:/Users/local-user/esp/my_projects/test-prj/build/app-template.bin
Executing action: all (aliases: build)
Running ninja in directory c:\users\local-user\esp\my_projects\test-prj\build
Executing "ninja all"...
Executing action: flash
Serial port COM5
Connecting.......
Detecting chip type...[1/4] Performing build step for 'bootloader'
ninja: no work to do.
[1/2] cmd.exe /C "cd /D C:\Users\local-user\esp\components\esptool_py && C:\Users\local-user\.espressif\tools\cmake\3.16.4\bin\cmake.exe -D IDF_PATH="C:/Users/local-user/esp" -D SERIAL_TOOL="C:/Users/local-user/.espressif/python_env/idf4.3_py3.8_env/Scripts/python.exe C:/Users/local-user/esp/components/esptool_py/esptool/esptool.py --chip esp32" -D SERIAL_TOOL_ARGS="--before=default_reset --after=hard_reset write_flash @flash_args" -D WORKING_DIRECTORY="C:/Users/local-user/esp/my_projects/test-prj/build" -P C:/Users/local-user/esp/components/esptool_py/run_serial_tool.cmake"
esptool.py esp32 -p COM5 -b 460800 --before=default_reset --after=hard_reset write_flash --flash_mode dio --flash_freq 40m --flash_size 2MB 0x8000 partition_table/partition-table.bin 0x1000 bootloader/bootloader.bin 0x10000 app-template.bin
esptool.py v3.1-dev
Serial port COM5
Connecting....
Chip is ESP32-D0WDQ6 (revision 1)
Features: WiFi, BT, Dual Core, 240MHz, VRef calibration in efuse, Coding Scheme None
Crystal is 40MHz
MAC: 7c:9e:bd:44:b8:18
Uploading stub...
Running stub...
Stub running...
Changing baud rate to 460800
Changed.
Configuring flash size...
Flash will be erased from 0x00008000 to 0x00008fff...
Flash will be erased from 0x00001000 to 0x00007fff...
Flash will be erased from 0x00010000 to 0x00036fff...
Compressed 3072 bytes to 103...
Writing at 0x00008000... (100 %)
Wrote 3072 bytes (103 compressed) at 0x00008000 in 0.1 seconds (effective 373.4 kbit/s)...
Hash of data verified.
Compressed 25024 bytes to 15392...
Writing at 0x00001000... (100 %)
Wrote 25024 bytes (15392 compressed) at 0x00001000 in 0.8 seconds (effective 254.7 kbit/s)...
Hash of data verified.
Compressed 159312 bytes to 83353...
Writing at 0x00010000... (16 %)
Writing at 0x0001a8f8... (33 %)
Writing at 0x000200d4... (50 %)
Writing at 0x00025937... (66 %)
Writing at 0x0002f06b... (83 %)
Writing at 0x000363a8... (100 %)
Wrote 159312 bytes (83353 compressed) at 0x00010000 in 2.2 seconds (effective 572.2 kbit/s)...
Hash of data verified.

Leaving...
Hard resetting via RTS pin...
 ESP32
Running ninja in directory c:\users\local-user\esp\my_projects\test-prj\build
Executing "ninja flash"...
Done
